<?xml version="1.0" encoding="UTF-8"?>
<testsuite hostname="ubuntu" tests="14" failures="1" timestamp="4 Jun 2011 17:17:36 GMT" time="39.386" errors="0">
  <testcase name="test" time="7.582" classname="MyTest"/>
  <testcase name="test" time="7.749" classname="MyTest"/>
  <testcase name="test" time="10.922" classname="MyTest"/>
  <testcase name="test" time="14.806" classname="MyTest"/>
  <testcase name="test" time="15.703" classname="MyTest"/>
  <testcase name="test" time="18.101" classname="MyTest"/>
  <testcase name="test" time="22.193" classname="MyTest"/>
  <testcase name="test" time="26.862" classname="MyTest"/>
  <testcase name="test" time="27.373" classname="MyTest">
    <failure type="org.openqa.selenium.WebDriverException" message="&amp;lt;html&amp;gt;
&amp;lt;head&amp;gt;
&amp;lt;title&amp;gt;Error 500 Session not available - [ext. key 1307207814427]&amp;lt;/title&amp;gt;
&amp;lt;/head&amp;gt;
&amp;lt;body&amp;gt;
&amp;lt;h2&amp;gt;HTTP ERROR: 500&amp;lt;/h2&amp;gt;&amp;lt;pre&amp;gt;Session not available - [ext. key 1307207814427]&amp;lt;/pre&amp;gt;
&amp;lt;p&amp;gt;RequestURI=/wd/hub/session/1307207814425/title&amp;lt;/p&amp;gt;
&amp;lt;p&amp;gt;&amp;lt;i&amp;gt;&amp;lt;small&amp;gt;&amp;lt;a href=&amp;quot;http://jetty.mortbay.org&amp;quot;&amp;gt;Powered by Jetty://&amp;lt;/a&amp;gt;&amp;lt;/small&amp;gt;&amp;lt;/i&amp;gt;&amp;lt;/p&amp;gt;
                                                
                                                
                                                
                                                
                                                
                                                
                                                
                                                
                                                
                                                
                                                
                                                
                                                
                                                
                                                
                                                
                                                
                                                
                                                
                                                
&amp;lt;/body&amp;gt;
&amp;lt;/html&amp;gt;

System info: os.name: &amp;apos;Linux&amp;apos;, os.arch: &amp;apos;i386&amp;apos;, os.version: &amp;apos;2.6.35-28-generic-pae&amp;apos;, java.version: &amp;apos;1.6.0_20&amp;apos;
Driver info: driver.version: RemoteWebDriver">
      <![CDATA[org.openqa.selenium.WebDriverException: <html>
<head>
<title>Error 500 Session not available - [ext. key 1307207814427]</title>
</head>
<body>
<h2>HTTP ERROR: 500</h2><pre>Session not available - [ext. key 1307207814427]</pre>
<p>RequestURI=/wd/hub/session/1307207814425/title</p>
<p><i><small><a href="http://jetty.mortbay.org">Powered by Jetty://</a></small></i></p>
                                                
                                                
                                                
                                                
                                                
                                                
                                                
                                                
                                                
                                                
                                                
                                                
                                                
                                                
                                                
                                                
                                                
                                                
                                                
                                                
</body>
</html>

System info: os.name: 'Linux', os.arch: 'i386', os.version: '2.6.35-28-generic-pae', java.version: '1.6.0_20'
Driver info: driver.version: RemoteWebDriver
	at sun.reflect.NativeConstructorAccessorImpl.newInstance0(Native Method)
	at sun.reflect.NativeConstructorAccessorImpl.newInstance(NativeConstructorAccessorImpl.java:57)
	at sun.reflect.DelegatingConstructorAccessorImpl.newInstance(DelegatingConstructorAccessorImpl.java:45)
	at java.lang.reflect.Constructor.newInstance(Constructor.java:532)
	at org.openqa.selenium.remote.ErrorHandler.createThrowable(ErrorHandler.java:131)
	at org.openqa.selenium.remote.ErrorHandler.throwIfResponseFailed(ErrorHandler.java:105)
	at org.openqa.selenium.remote.RemoteWebDriver.execute(RemoteWebDriver.java:402)
	at org.openqa.selenium.remote.RemoteWebDriver.execute(RemoteWebDriver.java:406)
	at org.openqa.selenium.remote.RemoteWebDriver.getTitle(RemoteWebDriver.java:168)
	at MyTest.test(MyTest.java:21)
	at sun.reflect.NativeMethodAccessorImpl.invoke0(Native Method)
	at sun.reflect.NativeMethodAccessorImpl.invoke(NativeMethodAccessorImpl.java:57)
	at sun.reflect.DelegatingMethodAccessorImpl.invoke(DelegatingMethodAccessorImpl.java:43)
	at java.lang.reflect.Method.invoke(Method.java:616)
	at org.testng.internal.MethodInvocationHelper.invokeMethod(MethodInvocationHelper.java:81)
	at org.testng.internal.Invoker.invokeMethod(Invoker.java:673)
	at org.testng.internal.Invoker.invokeTestMethod(Invoker.java:842)
	at org.testng.internal.Invoker.invokeTestMethods(Invoker.java:1166)
	at org.testng.internal.TestMethodWorker.invokeTestMethods(TestMethodWorker.java:125)
	at org.testng.internal.TestMethodWorker.run(TestMethodWorker.java:109)
	at org.testng.internal.thread.ThreadUtil$CountDownLatchedRunnable.run(ThreadUtil.java:165)
	at java.util.concurrent.ThreadPoolExecutor.runWorker(ThreadPoolExecutor.java:1110)
	at java.util.concurrent.ThreadPoolExecutor$Worker.run(ThreadPoolExecutor.java:603)
	at java.lang.Thread.run(Thread.java:636)
]]>
    </failure>
  </testcase>
  <testcase name="test" time="27.681" classname="MyTest"/>
  <testcase name="testUnknownUser" time="3.3" classname="MyTest"/>
  <testcase name="testWillTimeOut" time="2.793" classname="MyTest"/>
  <testcase name="testWillTimeOutff4" time="2.807" classname="MyTest"/>
  <testcase name="testWillTimeOutff4" time="2.773" classname="MyTest"/>
</testsuite>
