<html>
<head>
<title>TestNG:  Default test</title>
<link href="../testng.css" rel="stylesheet" type="text/css" />
<link href="../my-testng.css" rel="stylesheet" type="text/css" />

<style type="text/css">
.log { display: none;} 
.stack-trace { display: none;} 
</style>
<script type="text/javascript">
<!--
function flip(e) {
  current = e.style.display;
  if (current == 'block') {
    e.style.display = 'none';
    return 0;
  }
  else {
    e.style.display = 'block';
    return 1;
  }
}

function toggleBox(szDivId, elem, msg1, msg2)
{
  var res = -1;  if (document.getElementById) {
    res = flip(document.getElementById(szDivId));
  }
  else if (document.all) {
    // this is the way old msie versions work
    res = flip(document.all[szDivId]);
  }
  if(elem) {
    if(res == 0) elem.innerHTML = msg1; else elem.innerHTML = msg2;
  }

}

function toggleAllBoxes() {
  if (document.getElementsByTagName) {
    d = document.getElementsByTagName('div');
    for (i = 0; i < d.length; i++) {
      if (d[i].className == 'log') {
        flip(d[i]);
      }
    }
  }
}

// -->
</script>

</head>
<body>
<h2 align='center'>Default test</h2><table border='1' align="center">
<tr>
<td>Tests passed/Failed/Skipped:</td><td>13/1/0</td>
</tr><tr>
<td>Started on:</td><td>Sat Jun 04 10:16:56 PDT 2011</td>
</tr>
<tr><td>Total time:</td><td>39 seconds (39386 ms)</td>
</tr><tr>
<td>Included groups:</td><td></td>
</tr><tr>
<td>Excluded groups:</td><td></td>
</tr>
</table><p/>
<small><i>(Hover the method name to see the test class name)</i></small><p/>
<table width='100%' border='1' class='invocation-failed'>
<tr><td colspan='4' align='center'><b>FAILED TESTS</b></td></tr>
<tr><td><b>Test method</b></td>
<td width="30%"><b>Exception</b></td>
<td width="10%"><b>Time (seconds)</b></td>
<td><b>Instance</b></td>
</tr>
<tr>
<td title='MyTest.test()'><b>test</b><br>Test class: MyTest</td>
<td><div><pre>org.openqa.selenium.WebDriverException: &lt;html&gt;
&lt;head&gt;
&lt;title&gt;Error 500 Session not available - [ext. key 1307207814427]&lt;/title&gt;
&lt;/head&gt;
&lt;body&gt;
&lt;h2&gt;HTTP ERROR: 500&lt;/h2&gt;&lt;pre&gt;Session not available - [ext. key 1307207814427]&lt;/pre&gt;
&lt;p&gt;RequestURI=/wd/hub/session/1307207814425/title&lt;/p&gt;
&lt;p&gt;&lt;i&gt;&lt;small&gt;&lt;a href=&quot;http://jetty.mortbay.org&quot;&gt;Powered by Jetty://&lt;/a&gt;&lt;/small&gt;&lt;/i&gt;&lt;/p&gt;
                                                
                                                
                                                
                                                
                                                
                                                
                                                
                                                
                                                
                                                
                                                
                                                
                                                
                                                
                                                
                                                
                                                
                                                
                                                
                                                
&lt;/body&gt;
&lt;/html&gt;

System info: os.name: &apos;Linux&apos;, os.arch: &apos;i386&apos;, os.version: &apos;2.6.35-28-generic-pae&apos;, java.version: &apos;1.6.0_20&apos;
Driver info: driver.version: RemoteWebDriver
	at sun.reflect.NativeConstructorAccessorImpl.newInstance0(Native Method)
	at sun.reflect.NativeConstructorAccessorImpl.newInstance(NativeConstructorAccessorImpl.java:57)
	at sun.reflect.DelegatingConstructorAccessorImpl.newInstance(DelegatingConstructorAccessorImpl.java:45)
	at java.lang.reflect.Constructor.newInstance(Constructor.java:532)
	at org.openqa.selenium.remote.ErrorHandler.createThrowable(ErrorHandler.java:131)
	at org.openqa.selenium.remote.ErrorHandler.throwIfResponseFailed(ErrorHandler.java:105)
	at org.openqa.selenium.remote.RemoteWebDriver.execute(RemoteWebDriver.java:402)
	at org.openqa.selenium.remote.RemoteWebDriver.execute(RemoteWebDriver.java:406)
	at org.openqa.selenium.remote.RemoteWebDriver.getTitle(RemoteWebDriver.java:168)
	at MyTest.test(MyTest.java:21)
	at sun.reflect.NativeMethodAccessorImpl.invoke0(Native Method)
	at sun.reflect.NativeMethodAccessorImpl.invoke(NativeMethodAccessorImpl.java:57)
	at sun.reflect.DelegatingMethodAccessorImpl.invoke(DelegatingMethodAccessorImpl.java:43)
	at java.lang.reflect.Method.invoke(Method.java:616)
	at org.testng.internal.MethodInvocationHelper.invokeMethod(MethodInvocationHelper.java:81)
	at org.testng.internal.Invoker.invokeMethod(Invoker.java:673)
	at org.testng.internal.Invoker.invokeTestMethod(Invoker.java:842)
	at org.testng.internal.Invoker.invokeTestMethods(Invoker.java:1166)
	at org.testng.internal.TestMethodWorker.invokeTestMethods(TestMethodWorker.java:125)
	at org.testng.internal.TestMethodWorker.run(TestMethodWorker.java:109)
	at org.testng.internal.thread.ThreadUtil$CountDownLatchedRunnable.run(ThreadUtil.java:165)
	at java.util.concurrent.ThreadPoolExecutor.runWorker(ThreadPoolExecutor.java:1110)
	at java.util.concurrent.ThreadPoolExecutor$Worker.run(ThreadPoolExecutor.java:603)
	at java.lang.Thread.run(Thread.java:636)
</pre></div><a href='#' onClick='toggleBox("stack-trace14342692", this, "Click to show all stack frames", "Click to hide stack frames")'>Click to show all stack frames</a>
<div class='stack-trace' id='stack-trace14342692'><pre>org.openqa.selenium.WebDriverException: &lt;html&gt;
&lt;head&gt;
&lt;title&gt;Error 500 Session not available - [ext. key 1307207814427]&lt;/title&gt;
&lt;/head&gt;
&lt;body&gt;
&lt;h2&gt;HTTP ERROR: 500&lt;/h2&gt;&lt;pre&gt;Session not available - [ext. key 1307207814427]&lt;/pre&gt;
&lt;p&gt;RequestURI=/wd/hub/session/1307207814425/title&lt;/p&gt;
&lt;p&gt;&lt;i&gt;&lt;small&gt;&lt;a href="http://jetty.mortbay.org"&gt;Powered by Jetty://&lt;/a&gt;&lt;/small&gt;&lt;/i&gt;&lt;/p&gt;
                                                
                                                
                                                
                                                
                                                
                                                
                                                
                                                
                                                
                                                
                                                
                                                
                                                
                                                
                                                
                                                
                                                
                                                
                                                
                                                
&lt;/body&gt;
&lt;/html&gt;

System info: os.name: 'Linux', os.arch: 'i386', os.version: '2.6.35-28-generic-pae', java.version: '1.6.0_20'
Driver info: driver.version: RemoteWebDriver
	at sun.reflect.NativeConstructorAccessorImpl.newInstance0(Native Method)
	at sun.reflect.NativeConstructorAccessorImpl.newInstance(NativeConstructorAccessorImpl.java:57)
	at sun.reflect.DelegatingConstructorAccessorImpl.newInstance(DelegatingConstructorAccessorImpl.java:45)
	at java.lang.reflect.Constructor.newInstance(Constructor.java:532)
	at org.openqa.selenium.remote.ErrorHandler.createThrowable(ErrorHandler.java:131)
	at org.openqa.selenium.remote.ErrorHandler.throwIfResponseFailed(ErrorHandler.java:105)
	at org.openqa.selenium.remote.RemoteWebDriver.execute(RemoteWebDriver.java:402)
	at org.openqa.selenium.remote.RemoteWebDriver.execute(RemoteWebDriver.java:406)
	at org.openqa.selenium.remote.RemoteWebDriver.getTitle(RemoteWebDriver.java:168)
	at MyTest.test(MyTest.java:21)
	at sun.reflect.NativeMethodAccessorImpl.invoke0(Native Method)
	at sun.reflect.NativeMethodAccessorImpl.invoke(NativeMethodAccessorImpl.java:57)
	at sun.reflect.DelegatingMethodAccessorImpl.invoke(DelegatingMethodAccessorImpl.java:43)
	at java.lang.reflect.Method.invoke(Method.java:616)
	at org.testng.internal.MethodInvocationHelper.invokeMethod(MethodInvocationHelper.java:81)
	at org.testng.internal.Invoker.invokeMethod(Invoker.java:673)
	at org.testng.internal.Invoker.invokeTestMethod(Invoker.java:842)
	at org.testng.internal.Invoker.invokeTestMethods(Invoker.java:1166)
	at org.testng.internal.TestMethodWorker.invokeTestMethods(TestMethodWorker.java:125)
	at org.testng.internal.TestMethodWorker.run(TestMethodWorker.java:109)
	at org.testng.internal.thread.ThreadUtil$CountDownLatchedRunnable.run(ThreadUtil.java:165)
	at java.util.concurrent.ThreadPoolExecutor.runWorker(ThreadPoolExecutor.java:1110)
	at java.util.concurrent.ThreadPoolExecutor$Worker.run(ThreadPoolExecutor.java:603)
	at java.lang.Thread.run(Thread.java:636)
</pre></div></td>
<td>27</td>
<td>MyTest@14384c2</td></tr>
</table><p>
<table width='100%' border='1' class='invocation-passed'>
<tr><td colspan='4' align='center'><b>PASSED TESTS</b></td></tr>
<tr><td><b>Test method</b></td>
<td width="30%"><b>Exception</b></td>
<td width="10%"><b>Time (seconds)</b></td>
<td><b>Instance</b></td>
</tr>
<tr>
<td title='MyTest.test()'><b>test</b><br>Test class: MyTest</td>
<td></td>
<td>7</td>
<td>MyTest@14384c2</td></tr>
<tr>
<td title='MyTest.test()'><b>test</b><br>Test class: MyTest</td>
<td></td>
<td>7</td>
<td>MyTest@14384c2</td></tr>
<tr>
<td title='MyTest.test()'><b>test</b><br>Test class: MyTest</td>
<td></td>
<td>10</td>
<td>MyTest@14384c2</td></tr>
<tr>
<td title='MyTest.test()'><b>test</b><br>Test class: MyTest</td>
<td></td>
<td>14</td>
<td>MyTest@14384c2</td></tr>
<tr>
<td title='MyTest.test()'><b>test</b><br>Test class: MyTest</td>
<td></td>
<td>15</td>
<td>MyTest@14384c2</td></tr>
<tr>
<td title='MyTest.test()'><b>test</b><br>Test class: MyTest</td>
<td></td>
<td>18</td>
<td>MyTest@14384c2</td></tr>
<tr>
<td title='MyTest.test()'><b>test</b><br>Test class: MyTest</td>
<td></td>
<td>22</td>
<td>MyTest@14384c2</td></tr>
<tr>
<td title='MyTest.test()'><b>test</b><br>Test class: MyTest</td>
<td></td>
<td>26</td>
<td>MyTest@14384c2</td></tr>
<tr>
<td title='MyTest.test()'><b>test</b><br>Test class: MyTest</td>
<td></td>
<td>27</td>
<td>MyTest@14384c2</td></tr>
<tr>
<td title='MyTest.testUnknownUser()'><b>testUnknownUser</b><br>Test class: MyTest</td>
<td></td>
<td>3</td>
<td>MyTest@14384c2</td></tr>
<tr>
<td title='MyTest.testWillTimeOut()'><b>testWillTimeOut</b><br>Test class: MyTest</td>
<td></td>
<td>2</td>
<td>MyTest@14384c2</td></tr>
<tr>
<td title='MyTest.testWillTimeOutff4()'><b>testWillTimeOutff4</b><br>Test class: MyTest</td>
<td></td>
<td>2</td>
<td>MyTest@14384c2</td></tr>
<tr>
<td title='MyTest.testWillTimeOutff4()'><b>testWillTimeOutff4</b><br>Test class: MyTest</td>
<td></td>
<td>2</td>
<td>MyTest@14384c2</td></tr>
</table><p>
</body>
</html>