<?xml version="1.0" encoding="UTF-8"?>
<!-- Generated by org.testng.reporters.JUnitReportReporter -->
<testsuite hostname="ubuntu" name="MyTest" tests="14" failures="1" timestamp="4 Jun 2011 17:17:36 GMT" time="190.645" errors="0">
  <testcase name="test" time="10.922" classname="MyTest"/>
  <testcase name="test" time="7.749" classname="MyTest"/>
  <testcase name="test" time="27.681" classname="MyTest"/>
  <testcase name="testWillTimeOutff4" time="2.807" classname="MyTest"/>
  <testcase name="test" time="26.862" classname="MyTest"/>
  <testcase name="testWillTimeOut" time="2.793" classname="MyTest"/>
  <testcase name="test" time="27.373" classname="MyTest">
    <failure type="org.openqa.selenium.WebDriverException" message="&lt;html&gt;
&lt;head&gt;
&lt;title&gt;Error 500 Session not available - [ext. key 1307207814427]&lt;/title&gt;
&lt;/head&gt;
&lt;body&gt;
&lt;h2&gt;HTTP ERROR: 500&lt;/h2&gt;&lt;pre&gt;Session not available - [ext. key 1307207814427]&lt;/pre&gt;
&lt;p&gt;RequestURI=/wd/hub/session/1307207814425/title&lt;/p&gt;
&lt;p&gt;&lt;i&gt;&lt;small&gt;&lt;a href=&quot;http://jetty.mortbay.org&quot;&gt;Powered by Jetty://&lt;/a&gt;&lt;/small&gt;&lt;/i&gt;&lt;/p&gt;
                                                
                                                
                                                
                                                
                                                
                                                
                                                
                                                
                                                
                                                
                                                
                                                
                                                
                                                
                                                
                                                
                                                
                                                
                                                
                                                
&lt;/body&gt;
&lt;/html&gt;

System info: os.name: &#039;Linux&#039;, os.arch: &#039;i386&#039;, os.version: &#039;2.6.35-28-generic-pae&#039;, java.version: &#039;1.6.0_20&#039;
Driver info: driver.version: RemoteWebDriver">
      <![CDATA[org.openqa.selenium.WebDriverException: <html>
<head>
<title>Error 500 Session not available - [ext. key 1307207814427]</title>
</head>
<body>
<h2>HTTP ERROR: 500</h2><pre>Session not available - [ext. key 1307207814427]</pre>
<p>RequestURI=/wd/hub/session/1307207814425/title</p>
<p><i><small><a href="http://jetty.mortbay.org">Powered by Jetty://</a></small></i></p>
                                                
                                                
                                                
                                                
                                                
                                                
                                                
                                                
                                                
                                                
                                                
                                                
                                                
                                                
                                                
                                                
                                                
                                                
                                                
                                                
</body>
</html>

System info: os.name: 'Linux', os.arch: 'i386', os.version: '2.6.35-28-generic-pae', java.version: '1.6.0_20'
Driver info: driver.version: RemoteWebDriver
	at sun.reflect.NativeConstructorAccessorImpl.newInstance0(Native Method)
	at sun.reflect.NativeConstructorAccessorImpl.newInstance(NativeConstructorAccessorImpl.java:57)
	at sun.reflect.DelegatingConstructorAccessorImpl.newInstance(DelegatingConstructorAccessorImpl.java:45)
	at java.lang.reflect.Constructor.newInstance(Constructor.java:532)
	at org.openqa.selenium.remote.ErrorHandler.createThrowable(ErrorHandler.java:131)
	at org.openqa.selenium.remote.ErrorHandler.throwIfResponseFailed(ErrorHandler.java:105)
	at org.openqa.selenium.remote.RemoteWebDriver.execute(RemoteWebDriver.java:402)
	at org.openqa.selenium.remote.RemoteWebDriver.execute(RemoteWebDriver.java:406)
	at org.openqa.selenium.remote.RemoteWebDriver.getTitle(RemoteWebDriver.java:168)
	at MyTest.test(MyTest.java:21)
	at sun.reflect.NativeMethodAccessorImpl.invoke0(Native Method)
	at sun.reflect.NativeMethodAccessorImpl.invoke(NativeMethodAccessorImpl.java:57)
	at sun.reflect.DelegatingMethodAccessorImpl.invoke(DelegatingMethodAccessorImpl.java:43)
	at java.lang.reflect.Method.invoke(Method.java:616)
	at org.testng.internal.MethodInvocationHelper.invokeMethod(MethodInvocationHelper.java:81)
	at org.testng.internal.Invoker.invokeMethod(Invoker.java:673)
	at org.testng.internal.Invoker.invokeTestMethod(Invoker.java:842)
	at org.testng.internal.Invoker.invokeTestMethods(Invoker.java:1166)
	at org.testng.internal.TestMethodWorker.invokeTestMethods(TestMethodWorker.java:125)
	at org.testng.internal.TestMethodWorker.run(TestMethodWorker.java:109)
	at org.testng.internal.thread.ThreadUtil$CountDownLatchedRunnable.run(ThreadUtil.java:165)
	at java.util.concurrent.ThreadPoolExecutor.runWorker(ThreadPoolExecutor.java:1110)
	at java.util.concurrent.ThreadPoolExecutor$Worker.run(ThreadPoolExecutor.java:603)
	at java.lang.Thread.run(Thread.java:636)
]]>
    </failure>
  </testcase>
  <testcase name="testUnknownUser" time="3.300" classname="MyTest"/>
  <testcase name="testWillTimeOutff4" time="2.773" classname="MyTest"/>
  <testcase name="test" time="22.193" classname="MyTest"/>
  <testcase name="test" time="14.806" classname="MyTest"/>
  <testcase name="test" time="18.101" classname="MyTest"/>
  <testcase name="test" time="15.703" classname="MyTest"/>
  <testcase name="test" time="7.582" classname="MyTest"/>
</testsuite>
